Validating found git in: git
Using git 2.33.0 from git
Opening repository for path='/home/isidor/Projects/ts-basic' failed; ex=Failed to execute git {
  "exitCode": 128,
  "gitErrorCode": "NotAGitRepository",
  "gitCommand": "rev-parse",
  "stdout": "",
  "stderr": "fatal: not a git repository (or any of the parent directories): .git\n"
}
Opening repository for path='/home/isidor/Projects/ts-basic/src/__tests__' failed; ex=Failed to execute git {
  "exitCode": 128,
  "gitErrorCode": "NotAGitRepository",
  "gitCommand": "rev-parse",
  "stdout": "",
  "stderr": "fatal: not a git repository (or any of the parent directories): .git\n"
}
Opening repository for path='/home/isidor/Projects/ts-basic/.eslintrc.json' failed; ex=Error: spawn ENOTDIR
Opening repository for path='/home/isidor/Projects/ts-basic/.nvmrc' failed; ex=Error: spawn ENOTDIR
Opening repository for path='/home/isidor/Projects/ts-basic/node_modules' failed; ex=Failed to execute git {
  "exitCode": 128,
  "gitErrorCode": "NotAGitRepository",
  "gitCommand": "rev-parse",
  "stdout": "",
  "stderr": "fatal: not a git repository (or any of the parent directories): .git\n"
}
Opening repository for path='/home/isidor/Projects/ts-basic/package-lock.json' failed; ex=Error: spawn ENOTDIR
Opening repository for path='/home/isidor/Projects/ts-basic/package.json' failed; ex=Error: spawn ENOTDIR
Opening repository for path='/home/isidor/Projects/ts-basic/src' failed; ex=Failed to execute git {
  "exitCode": 128,
  "gitErrorCode": "NotAGitRepository",
  "gitCommand": "rev-parse",
  "stdout": "",
  "stderr": "fatal: not a git repository (or any of the parent directories): .git\n"
}
Opening repository for path='/home/isidor/Projects/ts-basic/tsconfig.json' failed; ex=Error: spawn ENOTDIR
Opening repository for path='/home/isidor/Projects/ts-basic' failed; ex=Failed to execute git {
  "exitCode": 128,
  "gitErrorCode": "NotAGitRepository",
  "gitCommand": "rev-parse",
  "stdout": "",
  "stderr": "fatal: not a git repository (or any of the parent directories): .git\n"
}
