Validating found git in: git
Using git 2.33.0 from git
> git rev-parse --git-dir
Open repository: /home/isidor/Projects/jest
> git status -z -u
> git symbolic-ref --short HEAD
> git for-each-ref --format=%(refname)%00%(upstream:short)%00%(objectname)%00%(upstream:track) refs/heads/main refs/remotes/main
> git for-each-ref --sort -committerdate --format %(refname) %(objectname) %(*objectname)
> git remote --verbose
Warning: Failed to watch ref '/home/isidor/Projects/jest/.git/refs/remotes/origin/main', is most likely packed.
> git config --get commit.template
> git check-ignore -v -z --stdin
> git show --textconv :.watchmanconfig
> git ls-files --stage -- /home/isidor/Projects/jest/.watchmanconfig
> git cat-file -s fe51488c7066f6687ef680d6bfaa4f7768ef205c
> git show --textconv :package.json
> git ls-files --stage -- /home/isidor/Projects/jest/package.json
> git cat-file -s d28658692943f78f09b0570143caeedc5af8baad
> git show --textconv :yarn.lock
> git ls-files --stage -- /home/isidor/Projects/jest/yarn.lock
> git cat-file -s ffef44d4cd16d79eb1196ab3b48f45548fdf233b
> git show --textconv :docs/Configuration.md
> git ls-files --stage -- /home/isidor/Projects/jest/docs/Configuration.md
> git cat-file -s 56131b06edfbb4f67dd808b148c4949a5d057baa
> git check-ignore -v -z --stdin
> git show --textconv :packages/jest-config/src/readConfigFileAndSetRootDir.ts
> git ls-files --stage -- /home/isidor/Projects/jest/packages/jest-config/src/readConfigFileAndSetRootDir.ts
> git cat-file -s 09a2aaa8c8968a30ad63e7e01ceb7dd2a523f13f
> git check-ignore -v -z --stdin
> git check-ignore -v -z --stdin
> git check-ignore -v -z --stdin
> git check-ignore -v -z --stdin
> git show --textconv :packages/jest/src/jest.ts
> git ls-files --stage -- /home/isidor/Projects/jest/packages/jest/src/jest.ts
> git cat-file -s 9c4f958cb98d74f7bfeb9037448ab79c5eed98ba
> git check-ignore -v -z --stdin
> git show --textconv :packages/jest/bin/jest.js
> git ls-files --stage -- /home/isidor/Projects/jest/packages/jest/bin/jest.js
> git cat-file -s 4a828880afcf96cea6ef0d69e4cdc6cbc84cf827
> git show --textconv :packages/jest/src/jest.ts
> git ls-files --stage -- /home/isidor/Projects/jest/packages/jest/src/jest.ts
> git cat-file -s 9c4f958cb98d74f7bfeb9037448ab79c5eed98ba
> git check-ignore -v -z --stdin
> git check-ignore -v -z --stdin
> git check-ignore -v -z --stdin
> git show --textconv :packages/jest-core/src/jest.ts
> git ls-files --stage -- /home/isidor/Projects/jest/packages/jest-core/src/jest.ts
> git cat-file -s 6912817f6bfaeeda8c5e6c34c4eca96998658d08
> git show --textconv :packages/jest-core/src/SearchSource.ts
> git ls-files --stage -- /home/isidor/Projects/jest/packages/jest-core/src/SearchSource.ts
> git cat-file -s ad03652d18f4c98a8bc6cf52f7a5732a47df85f5
> git show --textconv :packages/jest-runtime/src/index.ts
> git ls-files --stage -- /home/isidor/Projects/jest/packages/jest-runtime/src/index.ts
> git cat-file -s 8640b45ea405aa465a892189a62712c1443a7115
> git check-ignore -v -z --stdin
> git check-ignore -v -z --stdin
> git check-ignore -v -z --stdin
> git check-ignore -v -z --stdin
> git check-ignore -v -z --stdin
> git check-ignore -v -z --stdin
> git check-ignore -v -z --stdin
> git check-ignore -v -z --stdin
