[Info  - 20:28:17.182] Starting TS Server 
[Info  - 20:28:17.184] Using tsserver from: /usr/lib/code/extensions/node_modules/typescript/lib/tsserver.js
[Info  - 20:28:17.185] <syntax> Forking...
[Info  - 20:28:17.195] <syntax> Starting...
[Info  - 20:28:17.196] <semantic> Forking...
[Info  - 20:28:17.206] <semantic> Starting...
[Info  - 20:40:14.263] Killing TS Server
[Info  - 20:40:14.263] Starting TS Server 
[Info  - 20:40:14.263] Using tsserver from: /usr/lib/code/extensions/node_modules/typescript/lib/tsserver.js
[Info  - 20:40:14.264] <syntax> Forking...
[Info  - 20:40:14.269] <syntax> Starting...
[Info  - 20:40:14.270] <semantic> Forking...
[Info  - 20:40:14.275] <semantic> Starting...
[Info  - 20:40:14.286] Killing TS Server
[Info  - 20:40:14.287] Starting TS Server 
[Info  - 20:40:14.287] Using tsserver from: /home/isidor/Projects/ts-test/node_modules/typescript/lib/tsserver.js
[Info  - 20:40:14.287] <syntax> Forking...
[Info  - 20:40:14.292] <syntax> Starting...
[Info  - 20:40:14.292] <semantic> Forking...
[Info  - 20:40:14.296] <semantic> Starting...
