[2021-10-17 11:07:46.275] [exthost] [info] extension host started
[2021-10-17 11:07:46.275] [exthost] [info] Skipping acquiring lock for /home/isidor/.config/Code - OSS/User/workspaceStorage/ed30f42ceed45095511c892f935af160.
[2021-10-17 11:07:46.330] [exthost] [info] ExtensionService#_doActivateExtension vscode.debug-auto-launch, startup: true, activationEvent: '*'
[2021-10-17 11:07:46.330] [exthost] [info] ExtensionService#loadCommonJSModule file:///usr/lib/code/extensions/debug-auto-launch/dist/extension
[2021-10-17 11:07:46.332] [exthost] [info] ExtensionService#_doActivateExtension vscode.git, startup: true, activationEvent: '*', root cause: vscode.github
[2021-10-17 11:07:46.332] [exthost] [info] ExtensionService#loadCommonJSModule file:///usr/lib/code/extensions/git/dist/main
[2021-10-17 11:07:46.343] [exthost] [info] ExtensionService#_doActivateExtension vscode.npm, startup: true, activationEvent: 'workspaceContains:package.json'
[2021-10-17 11:07:46.343] [exthost] [info] ExtensionService#loadCommonJSModule file:///usr/lib/code/extensions/npm/dist/npmMain
[2021-10-17 11:07:46.349] [exthost] [info] ExtensionService#_doActivateExtension Orta.vscode-jest, startup: true, activationEvent: 'workspaceContains:jest.config.js'
[2021-10-17 11:07:46.349] [exthost] [info] ExtensionService#loadCommonJSModule file:///home/isidor/.vscode-oss/extensions/orta.vscode-jest-4.0.0-alpha.1/out/extension
[2021-10-17 11:07:46.483] [exthost] [info] ExtensionService#_doActivateExtension vscode.github, startup: true, activationEvent: '*'
[2021-10-17 11:07:46.483] [exthost] [info] ExtensionService#loadCommonJSModule file:///usr/lib/code/extensions/github/dist/extension.js
[2021-10-17 11:07:46.507] [exthost] [info] eager extensions activated
[2021-10-17 11:07:46.543] [exthost] [info] ExtensionService#_doActivateExtension ms-vscode.js-debug, startup: false, activationEvent: 'onCommand:extension.js-debug.clearAutoAttachVariables'
[2021-10-17 11:07:46.543] [exthost] [info] ExtensionService#loadCommonJSModule file:///usr/lib/code/extensions/ms-vscode.js-debug/src/extension.js
[2021-10-17 11:07:46.643] [exthost] [info] ExtensionService#_doActivateExtension vscode.emmet, startup: false, activationEvent: 'onStartupFinished'
[2021-10-17 11:07:46.643] [exthost] [info] ExtensionService#loadCommonJSModule file:///usr/lib/code/extensions/emmet/dist/node/emmetNodeMain
[2021-10-17 11:07:46.647] [exthost] [info] ExtensionService#_doActivateExtension vscode.merge-conflict, startup: false, activationEvent: 'onStartupFinished'
[2021-10-17 11:07:46.647] [exthost] [info] ExtensionService#loadCommonJSModule file:///usr/lib/code/extensions/merge-conflict/dist/mergeConflictMain
[2021-10-17 11:07:46.648] [exthost] [info] ExtensionService#_doActivateExtension dbaeumer.vscode-eslint, startup: false, activationEvent: 'onStartupFinished'
[2021-10-17 11:07:46.648] [exthost] [info] ExtensionService#loadCommonJSModule file:///home/isidor/.vscode-oss/extensions/dbaeumer.vscode-eslint-2.1.20/client/out/extension
[2021-10-17 11:07:52.106] [exthost] [info] ExtensionService#_doActivateExtension vscode.configuration-editing, startup: false, activationEvent: 'onLanguage:json'
[2021-10-17 11:07:52.106] [exthost] [info] ExtensionService#loadCommonJSModule file:///usr/lib/code/extensions/configuration-editing/dist/configurationEditingMain
[2021-10-17 11:07:52.108] [exthost] [info] ExtensionService#_doActivateExtension vscode.extension-editing, startup: false, activationEvent: 'onLanguage:json'
[2021-10-17 11:07:52.108] [exthost] [info] ExtensionService#loadCommonJSModule file:///usr/lib/code/extensions/extension-editing/dist/extensionEditingMain
[2021-10-17 11:07:52.113] [exthost] [info] ExtensionService#_doActivateExtension vscode.json-language-features, startup: false, activationEvent: 'onLanguage:json'
[2021-10-17 11:07:52.114] [exthost] [info] ExtensionService#loadCommonJSModule file:///usr/lib/code/extensions/json-language-features/client/dist/node/jsonClientMain
[2021-10-17 11:08:04.970] [exthost] [info] ExtensionService#_doActivateExtension vscode.typescript-language-features, startup: false, activationEvent: 'onLanguage:jsonc'
[2021-10-17 11:08:04.970] [exthost] [info] ExtensionService#loadCommonJSModule file:///usr/lib/code/extensions/typescript-language-features/dist/extension
[2021-10-17 11:08:20.329] [exthost] [info] ExtensionService#_doActivateExtension vscode.markdown-language-features, startup: false, activationEvent: 'onLanguage:markdown'
[2021-10-17 11:08:20.329] [exthost] [info] ExtensionService#loadCommonJSModule file:///usr/lib/code/extensions/markdown-language-features/dist/extension
[2021-10-17 11:08:20.722] [exthost] [info] ExtensionService#_doActivateExtension vscode.markdown-math, startup: false, activationEvent: 'api', root cause: vscode.markdown-language-features
[2021-10-17 11:08:20.722] [exthost] [info] ExtensionService#loadCommonJSModule file:///usr/lib/code/extensions/markdown-math/dist/extension
[2021-10-17 11:09:54.529] [exthost] [error] [vscode.typescript-language-features] provider FAILED
[2021-10-17 11:09:54.529] [exthost] [error] Error: <semantic> TypeScript Server Error (4.4.3)
Debug Failure. Invalid cast. The supplied value [object Object] did not pass the test 'isTypeParameterDeclaration'.
Error: Debug Failure. Invalid cast. The supplied value [object Object] did not pass the test 'isTypeParameterDeclaration'.
    at Object.cast (/usr/lib/code/extensions/node_modules/typescript/lib/tsserver.js:1504:25)
    at visitor (/usr/lib/code/extensions/node_modules/typescript/lib/tsserver.js:153409:50)
    at visitNodes (/usr/lib/code/extensions/node_modules/typescript/lib/tsserver.js:29479:30)
    at Object.forEachChild (/usr/lib/code/extensions/node_modules/typescript/lib/tsserver.js:29607:21)
    at visitor (/usr/lib/code/extensions/node_modules/typescript/lib/tsserver.js:153444:27)
    at visitNode (/usr/lib/code/extensions/node_modules/typescript/lib/tsserver.js:29470:24)
    at Object.forEachChild (/usr/lib/code/extensions/node_modules/typescript/lib/tsserver.js:29550:21)
    at visitor (/usr/lib/code/extensions/node_modules/typescript/lib/tsserver.js:153444:27)
    at visitNodes (/usr/lib/code/extensions/node_modules/typescript/lib/tsserver.js:29479:30)
    at Object.forEachChild (/usr/lib/code/extensions/node_modules/typescript/lib/tsserver.js:29615:24)
    at visitor (/usr/lib/code/extensions/node_modules/typescript/lib/tsserver.js:153444:27)
    at collectTypeParameters (/usr/lib/code/extensions/node_modules/typescript/lib/tsserver.js:153403:20)
    at getRangeToExtract (/usr/lib/code/extensions/node_modules/typescript/lib/tsserver.js:153368:34)
    at Object.getAvailableActions (/usr/lib/code/extensions/node_modules/typescript/lib/tsserver.js:153306:28)
    at /usr/lib/code/extensions/node_modules/typescript/lib/tsserver.js:142780:30
    at getIterator (/usr/lib/code/extensions/node_modules/typescript/lib/tsserver.js:573:23)
    at Object.next (/usr/lib/code/extensions/node_modules/typescript/lib/tsserver.js:568:35)
    at Object.arrayFrom (/usr/lib/code/extensions/node_modules/typescript/lib/tsserver.js:1313:88)
    at Object.getApplicableRefactors (/usr/lib/code/extensions/node_modules/typescript/lib/tsserver.js:142776:23)
    at Proxy.getApplicableRefactors (/usr/lib/code/extensions/node_modules/typescript/lib/tsserver.js:157560:32)
    at IOSession.Session.getApplicableRefactors (/usr/lib/code/extensions/node_modules/typescript/lib/tsserver.js:168512:53)
    at Session.handlers.ts.Map.ts.getEntries._a.<computed> (/usr/lib/code/extensions/node_modules/typescript/lib/tsserver.js:167223:61)
    at /usr/lib/code/extensions/node_modules/typescript/lib/tsserver.js:168880:88
    at IOSession.Session.executeWithRequestId (/usr/lib/code/extensions/node_modules/typescript/lib/tsserver.js:168871:28)
    at IOSession.Session.executeCommand (/usr/lib/code/extensions/node_modules/typescript/lib/tsserver.js:168880:33)
    at IOSession.Session.onMessage (/usr/lib/code/extensions/node_modules/typescript/lib/tsserver.js:168906:35)
    at Interface.<anonymous> (/usr/lib/code/extensions/node_modules/typescript/lib/tsserver.js:171511:31)
    at Interface.emit (events.js:315:20)
    at Interface._onLine (readline.js:337:10)
    at Interface._normalWrite (readline.js:482:12)
    at Socket.ondata (readline.js:194:10)
    at Socket.emit (events.js:315:20)
    at addChunk (internal/streams/readable.js:309:12)
    at readableAddChunk (internal/streams/readable.js:284:9)
    at Socket.Readable.push (internal/streams/readable.js:223:10)
    at Pipe.onStreamRead (internal/stream_base_commons.js:188:23)
	at Function.create (/usr/lib/code/extensions/typescript-language-features/dist/extension.js:1:459856)
	at dispatchResponse (/usr/lib/code/extensions/typescript-language-features/dist/extension.js:1:453692)
	at dispatchMessage (/usr/lib/code/extensions/typescript-language-features/dist/extension.js:1:452549)
	at /usr/lib/code/extensions/typescript-language-features/dist/extension.js:1:452034
	at a.fire (/usr/lib/code/out/vs/workbench/services/extensions/node/extensionHostProcess.js:66:1712)
	at m.onLengthData (/usr/lib/code/extensions/typescript-language-features/dist/extension.js:1:462785)
	at Socket.<anonymous> (/usr/lib/code/extensions/typescript-language-features/dist/extension.js:1:462432)
	at Socket.emit (events.js:315:20)
	at addChunk (internal/streams/readable.js:309:12)
	at readableAddChunk (internal/streams/readable.js:284:9)
	at Socket.Readable.push (internal/streams/readable.js:223:10)
	at Pipe.onStreamRead (internal/stream_base_commons.js:188:23)
[2021-10-17 20:30:18.626] [exthost] [info] extension host terminating: renderer closed the socket
[2021-10-17 20:30:19.640] [exthost] [info] exiting with code 0
