INFO  2021-10-19T18:46:53.790 ThreadId(5) [client:typescript] Client starting.
INFO  2021-10-19T18:46:53.964 ThreadId(5) [1P:op-localization/src/lib.rs:175] system locale detected as 'en_GB'
INFO  2021-10-19T18:46:53.964 ThreadId(5) [1P:op-localization/src/lib.rs:201] selected translations for EN_US based on detected locale en-GB
INFO  2021-10-19T18:46:53.964 tokio-runtime-worker(ThreadId(3)) [1P:native-messaging/op-native-core-integration/src/lib.rs:238] Starting IPC listener on 1Password-BrowserSupport
INFO  2021-10-19T18:46:53.965 ThreadId(5) [status:op-app/src/app.rs:287] App::new(1Password for Linux/80301001 (EN_US), /home/isidor/.config/1Password/1password.sqlite)
INFO  2021-10-19T18:46:53.965 tokio-runtime-worker(ThreadId(3)) [1P:native-messaging/op-native-core-integration/src/lib.rs:253] Active native core integration is awaiting messages
INFO  2021-10-19T18:46:53.973 ThreadId(5) [1P:op-db/src/db.rs:94] Starting DB at version: 22
INFO  2021-10-19T18:46:53.986 op_executor:invocation_loop(ThreadId(9)) [1P:native-messaging/op-nm-installer/src/nix_utils.rs:66] Created NMH manifest at /home/isidor/.config/google-chrome/NativeMessagingHosts/com.1password.1password.json
INFO  2021-10-19T18:46:53.987 op_executor:invocation_loop(ThreadId(9)) [1P:native-messaging/op-nm-installer/src/nix_utils.rs:66] Created NMH manifest at /home/isidor/.config/google-chrome-beta/NativeMessagingHosts/com.1password.1password.json
INFO  2021-10-19T18:46:53.987 op_executor:invocation_loop(ThreadId(9)) [1P:native-messaging/op-nm-installer/src/nix_utils.rs:66] Created NMH manifest at /home/isidor/.config/google-chrome-unstable/NativeMessagingHosts/com.1password.1password.json
INFO  2021-10-19T18:46:53.988 op_executor:invocation_loop(ThreadId(9)) [1P:native-messaging/op-nm-installer/src/nix_utils.rs:66] Created NMH manifest at /home/isidor/.config/chromium/NativeMessagingHosts/com.1password.1password.json
INFO  2021-10-19T18:46:53.988 op_executor:invocation_loop(ThreadId(9)) [1P:native-messaging/op-nm-installer/src/nix_utils.rs:66] Created NMH manifest at /home/isidor/.config/microsoft-edge-dev/NativeMessagingHosts/com.1password.1password.json
INFO  2021-10-19T18:46:53.988 op_executor:invocation_loop(ThreadId(9)) [1P:native-messaging/op-nm-installer/src/nix_utils.rs:66] Created NMH manifest at /home/isidor/.config/BraveSoftware/Brave-Browser/NativeMessagingHosts/com.1password.1password.json
INFO  2021-10-19T18:46:53.988 op_executor:invocation_loop(ThreadId(9)) [1P:native-messaging/op-nm-installer/src/nix_utils.rs:66] Created NMH manifest at /home/isidor/.config/vivaldi/NativeMessagingHosts/com.1password.1password.json
INFO  2021-10-19T18:46:53.989 op_executor:invocation_loop(ThreadId(9)) [1P:native-messaging/op-nm-installer/src/nix_utils.rs:66] Created NMH manifest at /home/isidor/.config/vivaldi-snapshot/NativeMessagingHosts/com.1password.1password.json
INFO  2021-10-19T18:46:53.989 op_executor:invocation_loop(ThreadId(9)) [1P:native-messaging/op-nm-installer/src/nix_utils.rs:66] Created NMH manifest at /home/isidor/.mozilla/native-messaging-hosts/com.1password.1password.json
INFO  2021-10-19T18:46:53.989 op_executor:invocation_loop(ThreadId(9)) [1P:native-messaging/op-nm-installer/src/nix_utils.rs:81] Successfully installed all native messaging manifests.
WARN  2021-10-19T18:46:54.387 op_executor:invocation_loop(ThreadId(9)) [1P:op-app/src/app/backend.rs:181] operation blocking event loop invoke Invocation(External(LockScreen(<LockScreenRequest>))) took more than 50 ms (87 ms)
WARN  2021-10-19T18:46:59.273 tokio-runtime-worker(ThreadId(1)) [1P:op-app/src/app/backend/lock_screen.rs:138] the password entered may be incorrect
ERROR 2021-10-19T18:46:59.273 tokio-runtime-worker(ThreadId(1)) [1P:op-app/src/app/backend/lock_screen.rs:139] UnableToUnlockAccount([AccountUnlockResult { account_id: 1, status: Locked, error: Some(FailedToDecryptKeyset(DecryptingSymmetricKey(GcmFailedToDecrypt))) }])
INFO  2021-10-19T18:47:15.222 tokio-runtime-worker(ThreadId(1)) [1P:op-data-layer/src/load.rs:131] loaded 240 items in 3 vaults for account: JOFIM77S3VEQVIIIYKKGQUQ35M
INFO  2021-10-19T18:47:15.229 op_executor:invocation_loop(ThreadId(9)) [1P:op-app/src/app/backend/unlock.rs:88] Lock state changed: Unlocked
INFO  2021-10-19T18:47:16.975 tokio-runtime-worker(ThreadId(2)) [1P:op-syncer/src/sync_job.rs:271] synced account JOFIM77S3VEQVIIIYKKGQUQ35M (0.300360971s)
INFO  2021-10-19T18:47:16.975 tokio-runtime-worker(ThreadId(2)) [1P:op-data-layer/src/file.rs:495] find_and_complete_pending_uploads: 'JOFIM77S3VEQVIIIYKKGQUQ35M'
INFO  2021-10-19T18:47:17.059 tokio-runtime-worker(ThreadId(4)) [1P:op-data-layer/src/sync.rs:484] The B5 Notifier for (JOFIM77S3VEQVIIIYKKGQUQ35M) has connected, now monitoring for events.
INFO  2021-10-19T18:47:48.188 op_executor:invocation_loop(ThreadId(9)) [1P:op-app/src/app/backend/frontend.rs:26] Front end event: window closed
INFO  2021-10-19T19:27:38.052 op_executor:invocation_loop(ThreadId(9)) [1P:op-app/src/app/backend/frontend.rs:26] Front end event: window closed
WARN  2021-10-19T20:38:13.499 tokio-runtime-worker(ThreadId(1)) [1P:op-data-layer/src/sync.rs:475] The B5 Notifier for (JOFIM77S3VEQVIIIYKKGQUQ35M) has disconnected.
INFO  2021-10-19T20:38:13.888 tokio-runtime-worker(ThreadId(2)) [1P:op-data-layer/src/sync.rs:484] The B5 Notifier for (JOFIM77S3VEQVIIIYKKGQUQ35M) has connected, now monitoring for events.
INFO  2021-10-19T21:19:24.935 ThreadId(14) [1P:op-auto-lock/src/linux.rs:382] X screensaver event detected
INFO  2021-10-19T21:19:24.936 op_executor:invocation_loop(ThreadId(9)) [1P:op-app/src/app/backend/lock.rs:66] Lock state changed: Locked
INFO  2021-10-19T21:19:24.937 op_executor:invocation_loop(ThreadId(9)) [1P:op-app/src/app/backend/lock.rs:86] Locked. Reason: Automatic(ScreenSaverActivated).
ERROR 2021-10-19T21:19:24.979 op_executor:invocation_loop(ThreadId(9)) [1P:/builds/dev/core/core/op-ui/src/item_action/mod.rs:52] ItemWithIdNotFound(ItemId(112))
INFO  2021-10-19T21:56:13.176 ThreadId(14) [1P:op-auto-lock/src/linux.rs:382] X screensaver event detected
