[2021-10-17 11:07:45.753] [renderer3] [info] Starting extension host with pid 2986.
[2021-10-17 11:07:46.159] [renderer3] [error] [Extension Host] (node:2986) [DEP0005] DeprecationWarning: Buffer() is deprecated due to security and usability issues. Please use the Buffer.alloc(), Buffer.allocUnsafe(), or Buffer.from() methods instead.
(Use `electron --trace-deprecation ...` to show where the warning was created)
[2021-10-17 11:08:15.535] [renderer3] [error] EACCES: permission denied, open '/usr/lib/code/extensions/log/package.json': Error: EACCES: permission denied, open '/usr/lib/code/extensions/log/package.json'
[2021-10-17 11:09:54.531] [renderer3] [error] <semantic> TypeScript Server Error (4.4.3)
Debug Failure. Invalid cast. The supplied value [object Object] did not pass the test 'isTypeParameterDeclaration'.
Error: Debug Failure. Invalid cast. The supplied value [object Object] did not pass the test 'isTypeParameterDeclaration'.
    at Object.cast (/usr/lib/code/extensions/node_modules/typescript/lib/tsserver.js:1504:25)
    at visitor (/usr/lib/code/extensions/node_modules/typescript/lib/tsserver.js:153409:50)
    at visitNodes (/usr/lib/code/extensions/node_modules/typescript/lib/tsserver.js:29479:30)
    at Object.forEachChild (/usr/lib/code/extensions/node_modules/typescript/lib/tsserver.js:29607:21)
    at visitor (/usr/lib/code/extensions/node_modules/typescript/lib/tsserver.js:153444:27)
    at visitNode (/usr/lib/code/extensions/node_modules/typescript/lib/tsserver.js:29470:24)
    at Object.forEachChild (/usr/lib/code/extensions/node_modules/typescript/lib/tsserver.js:29550:21)
    at visitor (/usr/lib/code/extensions/node_modules/typescript/lib/tsserver.js:153444:27)
    at visitNodes (/usr/lib/code/extensions/node_modules/typescript/lib/tsserver.js:29479:30)
    at Object.forEachChild (/usr/lib/code/extensions/node_modules/typescript/lib/tsserver.js:29615:24)
    at visitor (/usr/lib/code/extensions/node_modules/typescript/lib/tsserver.js:153444:27)
    at collectTypeParameters (/usr/lib/code/extensions/node_modules/typescript/lib/tsserver.js:153403:20)
    at getRangeToExtract (/usr/lib/code/extensions/node_modules/typescript/lib/tsserver.js:153368:34)
    at Object.getAvailableActions (/usr/lib/code/extensions/node_modules/typescript/lib/tsserver.js:153306:28)
    at /usr/lib/code/extensions/node_modules/typescript/lib/tsserver.js:142780:30
    at getIterator (/usr/lib/code/extensions/node_modules/typescript/lib/tsserver.js:573:23)
    at Object.next (/usr/lib/code/extensions/node_modules/typescript/lib/tsserver.js:568:35)
    at Object.arrayFrom (/usr/lib/code/extensions/node_modules/typescript/lib/tsserver.js:1313:88)
    at Object.getApplicableRefactors (/usr/lib/code/extensions/node_modules/typescript/lib/tsserver.js:142776:23)
    at Proxy.getApplicableRefactors (/usr/lib/code/extensions/node_modules/typescript/lib/tsserver.js:157560:32)
    at IOSession.Session.getApplicableRefactors (/usr/lib/code/extensions/node_modules/typescript/lib/tsserver.js:168512:53)
    at Session.handlers.ts.Map.ts.getEntries._a.<computed> (/usr/lib/code/extensions/node_modules/typescript/lib/tsserver.js:167223:61)
    at /usr/lib/code/extensions/node_modules/typescript/lib/tsserver.js:168880:88
    at IOSession.Session.executeWithRequestId (/usr/lib/code/extensions/node_modules/typescript/lib/tsserver.js:168871:28)
    at IOSession.Session.executeCommand (/usr/lib/code/extensions/node_modules/typescript/lib/tsserver.js:168880:33)
    at IOSession.Session.onMessage (/usr/lib/code/extensions/node_modules/typescript/lib/tsserver.js:168906:35)
    at Interface.<anonymous> (/usr/lib/code/extensions/node_modules/typescript/lib/tsserver.js:171511:31)
    at Interface.emit (events.js:315:20)
    at Interface._onLine (readline.js:337:10)
    at Interface._normalWrite (readline.js:482:12)
    at Socket.ondata (readline.js:194:10)
    at Socket.emit (events.js:315:20)
    at addChunk (internal/streams/readable.js:309:12)
    at readableAddChunk (internal/streams/readable.js:284:9)
    at Socket.Readable.push (internal/streams/readable.js:223:10)
    at Pipe.onStreamRead (internal/stream_base_commons.js:188:23): Error: <semantic> TypeScript Server Error (4.4.3)
Debug Failure. Invalid cast. The supplied value [object Object] did not pass the test 'isTypeParameterDeclaration'.
Error: Debug Failure. Invalid cast. The supplied value [object Object] did not pass the test 'isTypeParameterDeclaration'.
    at Object.cast (/usr/lib/code/extensions/node_modules/typescript/lib/tsserver.js:1504:25)
    at visitor (/usr/lib/code/extensions/node_modules/typescript/lib/tsserver.js:153409:50)
    at visitNodes (/usr/lib/code/extensions/node_modules/typescript/lib/tsserver.js:29479:30)
    at Object.forEachChild (/usr/lib/code/extensions/node_modules/typescript/lib/tsserver.js:29607:21)
    at visitor (/usr/lib/code/extensions/node_modules/typescript/lib/tsserver.js:153444:27)
    at visitNode (/usr/lib/code/extensions/node_modules/typescript/lib/tsserver.js:29470:24)
    at Object.forEachChild (/usr/lib/code/extensions/node_modules/typescript/lib/tsserver.js:29550:21)
    at visitor (/usr/lib/code/extensions/node_modules/typescript/lib/tsserver.js:153444:27)
    at visitNodes (/usr/lib/code/extensions/node_modules/typescript/lib/tsserver.js:29479:30)
    at Object.forEachChild (/usr/lib/code/extensions/node_modules/typescript/lib/tsserver.js:29615:24)
    at visitor (/usr/lib/code/extensions/node_modules/typescript/lib/tsserver.js:153444:27)
    at collectTypeParameters (/usr/lib/code/extensions/node_modules/typescript/lib/tsserver.js:153403:20)
    at getRangeToExtract (/usr/lib/code/extensions/node_modules/typescript/lib/tsserver.js:153368:34)
    at Object.getAvailableActions (/usr/lib/code/extensions/node_modules/typescript/lib/tsserver.js:153306:28)
    at /usr/lib/code/extensions/node_modules/typescript/lib/tsserver.js:142780:30
    at getIterator (/usr/lib/code/extensions/node_modules/typescript/lib/tsserver.js:573:23)
    at Object.next (/usr/lib/code/extensions/node_modules/typescript/lib/tsserver.js:568:35)
    at Object.arrayFrom (/usr/lib/code/extensions/node_modules/typescript/lib/tsserver.js:1313:88)
    at Object.getApplicableRefactors (/usr/lib/code/extensions/node_modules/typescript/lib/tsserver.js:142776:23)
    at Proxy.getApplicableRefactors (/usr/lib/code/extensions/node_modules/typescript/lib/tsserver.js:157560:32)
    at IOSession.Session.getApplicableRefactors (/usr/lib/code/extensions/node_modules/typescript/lib/tsserver.js:168512:53)
    at Session.handlers.ts.Map.ts.getEntries._a.<computed> (/usr/lib/code/extensions/node_modules/typescript/lib/tsserver.js:167223:61)
    at /usr/lib/code/extensions/node_modules/typescript/lib/tsserver.js:168880:88
    at IOSession.Session.executeWithRequestId (/usr/lib/code/extensions/node_modules/typescript/lib/tsserver.js:168871:28)
    at IOSession.Session.executeCommand (/usr/lib/code/extensions/node_modules/typescript/lib/tsserver.js:168880:33)
    at IOSession.Session.onMessage (/usr/lib/code/extensions/node_modules/typescript/lib/tsserver.js:168906:35)
    at Interface.<anonymous> (/usr/lib/code/extensions/node_modules/typescript/lib/tsserver.js:171511:31)
    at Interface.emit (events.js:315:20)
    at Interface._onLine (readline.js:337:10)
    at Interface._normalWrite (readline.js:482:12)
    at Socket.ondata (readline.js:194:10)
    at Socket.emit (events.js:315:20)
    at addChunk (internal/streams/readable.js:309:12)
    at readableAddChunk (internal/streams/readable.js:284:9)
    at Socket.Readable.push (internal/streams/readable.js:223:10)
    at Pipe.onStreamRead (internal/stream_base_commons.js:188:23)
	at Function.create (/usr/lib/code/extensions/typescript-language-features/dist/extension.js:1:459856)
	at dispatchResponse (/usr/lib/code/extensions/typescript-language-features/dist/extension.js:1:453692)
	at dispatchMessage (/usr/lib/code/extensions/typescript-language-features/dist/extension.js:1:452549)
	at /usr/lib/code/extensions/typescript-language-features/dist/extension.js:1:452034
	at a.fire (/usr/lib/code/out/vs/workbench/services/extensions/node/extensionHostProcess.js:66:1712)
	at m.onLengthData (/usr/lib/code/extensions/typescript-language-features/dist/extension.js:1:462785)
	at Socket.<anonymous> (/usr/lib/code/extensions/typescript-language-features/dist/extension.js:1:462432)
	at Socket.emit (events.js:315:20)
	at addChunk (internal/streams/readable.js:309:12)
	at readableAddChunk (internal/streams/readable.js:284:9)
	at Socket.Readable.push (internal/streams/readable.js:223:10)
	at Pipe.onStreamRead (internal/stream_base_commons.js:188:23)
